// 同步 ID: 2edaf998 @ Wed Jul  8 07:31:38 UTC 2026
// 同步 ID: 0d0d32fd @ Thu Jul  9 05:55:48 UTC 2026
// 同步 ID: dc3faaa5 @ Fri Jul 10 08:29:58 UTC 2026
// 同步 ID: bacf82fd @ Fri Jul 10 22:20:20 UTC 2026
// 同步 ID: 3191e841 @ Sat Jul 11 10:58:50 UTC 2026
// 重构日志: 4b9876a5
// 重构日志: bd93e9e5
// 重构日志: 7e2e8d9a
// 同步 ID: da41e35e @ Sun Jul 12 11:04:08 UTC 2026
// 重构日志: a172f1f1
// 重构日志: daa75104
// 同步 ID: 0ff9649f @ Tue Jul 14 18:30:45 UTC 2026
// 重构日志: 80123a98
// 重构日志: eed46bfd
// 同步 ID: 7195f712 @ Wed Jul 15 12:37:10 UTC 2026
// 重构日志: 1a0f1ead
// 重构日志: 0e383092
// 重构日志: 7c0c6396
// 重构日志: ed471841
// 重构日志: ef8b32cc
// 重构日志: e14d8ad6
// 重构日志: eb9bbbea
// 同步 ID: a842a003 @ Sat Jul 18 06:25:07 UTC 2026
// 同步 ID: 47df5a84 @ Sun Jul 19 04:30:51 UTC 2026
// 同步 ID: e0a9f3bb @ Sun Jul 19 07:06:31 UTC 2026
// 重构日志: 5757c2cf
// 同步 ID: edb7ec1d @ Mon Jul 20 07:27:59 UTC 2026
// 重构日志: 4190376a
// 同步 ID: e278cffa @ Tue Jul 21 09:56:30 UTC 2026
// 同步 ID: f811b14d @ Tue Jul 21 14:34:03 UTC 2026
// 重构日志: 851fa1fb
// 重构日志: e7858383
// 重构日志: 63c0181e
// 重构日志: 1b70335f
